A51 MACRO ASSEMBLER  BEEP                                                                 11/15/2017 18:41:38 PAGE     1


MACRO ASSEMBLER A51 V8.2.5.0
OBJECT MODULE PLACED IN .\Objects\Beep.obj
ASSEMBLER INVOKED BY: C:\Keil_v5\C51\BIN\A51.EXE asm\Beep.asm NOMOD51 SET(SMALL) DEBUG PRINT(.\Listings\Beep.lst) OBJECT
                      (.\Objects\Beep.obj) EP

LOC  OBJ            LINE     SOURCE

                       1     ;$include (GlobalVars.inc)

                +1     2     ; 08H~1FH:  local variables(arguments) & global variables

                +1     3     ; 20H~27H:  bits (00H~3FH)

                +1     4     ; 30H~7FH:  stack & global variables

                +1     5     

                +1     6     ; A,B,C:      volatile

                +1     7     

                +1     8     

  0018          +1     9     Timer_CNT1                      EQU             18H

  001F          +1    10     Timer_CNT8                      EQU             1FH

                +1    11             

                +1    12     

  0017          +1    13     Timer_CTRL                      EQU             17H      ;H |1|2|3|4|5|6|7|8| L

                +1    14             

  0016          +1    15     LEDs_Pattern            EQU             16H

                +1    16             

  0015          +1    17     Keys_LastCode           EQU             15H

                +1    18             

  0014          +1    19     Beep_Count                      EQU             14H

  0013          +1    20     Beep_Total                      EQU             13H

  0012          +1    21     Beep_State                      EQU             12H

                +1    22             

  0011          +1    23     g_Digit1                        EQU             11H       ;Digit1~2

  0010          +1    24     g_Digit2                        EQU             10H       ;Digit3~4

                +1    25     

  007F          +1    26     TEST3_MainState         EQU             7FH

                +1    27     

  007E          +1    28     PASSWORD_State          EQU             7EH

  007D          +1    29     PASSWORD_PSW1           EQU             7DH

  007C          +1    30     PASSWORD_PSW2           EQU             7CH

  007B          +1    31     HOMEWORK_Count          EQU             7BH

  007A          +1    32     HOMEWORK_Second1        EQU             7AH

  0079          +1    33     HOMEWORK_Second2        EQU             79H

  0078          +1    34     HOMEWORK_Second3        EQU             78H

  0077          +1    35     HOMEWORK_Second         EQU             77H

  0076          +1    36     CALCULATE_NUM           EQU             76H

  0075          +1    37     CALCULATE_1                     EQU             75H

  0074          +1    38     CALCULATE_2                     EQU             74H

                +1    39     

                +1    40     

                +1    41     

  0020          +1    42     g_LEDs                          EQU             20H

  0000          +1    43     g_LED1                          BIT             00H

  0001          +1    44     g_LED2                          BIT             01H

  0002          +1    45     g_LED3                          BIT             02H

  0003          +1    46     g_LED4                          BIT             03H

  0004          +1    47     g_LED5                          BIT             04H

  0005          +1    48     g_LED6                          BIT             05H

  0006          +1    49     g_LED7                          BIT             06H

  0007          +1    50     g_LED8                          BIT             07H

                +1    51             

  0008          +1    52     INT_C_old                       BIT             08H

                +1    53             

  0009          +1    54     INIT_KeLED                      BIT             09H

  0010          +1    55     INIT_KeBeep                     BIT             10H

  0011          +1    56     INIT_KeKeys                     BIT             11H

  0012          +1    57     INIT_LED                        BIT             12H

A51 MACRO ASSEMBLER  BEEP                                                                 11/15/2017 18:41:38 PAGE     2

  0013          +1    58     INIT_Beep                       BIT             13H

  0014          +1    59     INIT_Timer                      BIT             14H

  0015          +1    60     INIT_KeTimer2           BIT             15H

  0016          +1    61     INIT_KeLEDs                     BIT             16H

  0017          +1    62     INIT_LEDs                       BIT             17H

  0018          +1    63     INIT_Keys                       BIT             18H

  0019          +1    64     INIT_KeDigits           BIT             19H

  001A          +1    65     INIT_Digits                     BIT             1AH

                +1    66     ;INIT_

                +1    67     ;INIT_

                +1    68     ;INIT_

                +1    69     ;INIT_

                +1    70     

  0024          +1    71     Digits_State            EQU             24H    

  0020          +1    72     Digits_State7           BIT             20H

  0027          +1    73     Digits_State0           BIT             27H

                +1    74             

  0025          +1    75     g_DigitState            EQU             25H       ;H |S41|S40|S31|S30|S21|S20|S11|S10|

  0028          +1    76     g_DigitState7           BIT             28H           ;Sn1 Sn0:

  002F          +1    77     g_DigitState0           BIT             2FH               ;    00normal  01dp  10 light  11
                              close

                +1    78             

  0026          +1    79     Digits_LastState        EQU             26H

  0030          +1    80     Digits_LastState0       BIT             30H

  0037          +1    81     Digits_LastState7       BIT             37H

                +1    82             

  0027          +1    83     HOMEWORK_State          EQU             27H

  0038          +1    84     HOMEWORK_State7         BIT             38H

  003F          +1    85     HOMEWORK_State0         BIT             3FH

  0040          +1    86     CAL_STATE1                      BIT             40H

  0041          +1    87     CAL_STATE2                      BIT             41H

  0042          +1    88     CAL_STATE3                      BIT             42H

                +1    89     

                      90     

                      91     ;$include (KeBeep.inc)

                +1    92     EXTRN   CODE    (KeBeep_Init)

                +1    93     EXTRN   CODE    (KeBeep_On)

                +1    94     EXTRN   CODE    (KeBeep_Off)

                +1    95     EXTRN   CODE    (KeBeep_Switch)

                +1    96             

                      97     

                      98     

                      99     ;$include (Timer.inc)

                +1   100     ;Timer_0 will start immediately

                +1   101     ;Timer_n(1~8) will start only after you call the Timer_Start function

                +1   102     ;Timer_0 cannot be stopped by Timer_Stop function

                +1   103     EXTRN   CODE    (Timer_Init)

                +1   104             

                +1   105             

                +1   106             

                +1   107     ;arguments:

                +1   108     ;    08H  n

                +1   109     ;return:

                +1   110     ;    returns 0 if Timer_n is not running

                +1   111     EXTRN   CODE    (Timer_CheckCTRL)

                +1   112             

                +1   113             

                +1   114             

                +1   115     ;arguments:

                +1   116     ;    08H  n

                +1   117     EXTRN   CODE    (Timer_Start)

                +1   118             

                +1   119             

                +1   120             

                +1   121     ;arguments:

                +1   122     ;    08H  n

A51 MACRO ASSEMBLER  BEEP                                                                 11/15/2017 18:41:38 PAGE     3

                +1   123     EXTRN   CODE    (Timer_Stop)

                     124     

                     125             

                     126     PUBLIC  Beep_Init

                     127     PUBLIC  Beep_On

                     128     PUBLIC  Beep_Off

                     129     PUBLIC  Beep_Switch

                     130     PUBLIC  Beep_1Async

                     131     PUBLIC  Beep_2Async

                     132     PUBLIC  Beep_3Async

                     133     

                     134     PUBLIC  Timer_1

                     135     

                     136             

                     137     BEEP    SEGMENT CODE

----                 138                     RSEG    BEEP

                     139                             

0000                 140     Beep_Init:

0000 201311          141                     JB              INIT_Beep,FinishInit

0003 D213            142                     SETB    INIT_Beep

                     143                     

0005 120000   F      144                     LCALL   KeBeep_Init

0008 120000   F      145                     LCALL   Timer_Init

                     146                     

000B 751400          147                     MOV             Beep_Count,#00H

000E 751300          148                     MOV             Beep_Total,#00H

0011 751200          149                     MOV             Beep_State,#0

                     150                     

0014                 151     FinishInit:

0014 22              152                     RET

                     153                     

                     154                     

                     155     

                     156                     

                     157                     

0015                 158     Beep_On:

0015 120000   F      159                     LCALL   KeBeep_On

0018 22              160                     RET

                     161                     

0019                 162     Beep_Off:

0019 120000   F      163                     LCALL   KeBeep_Off

001C 22              164                     RET

                     165                     

001D                 166     Beep_Switch:

001D 120000   F      167                     LCALL   KeBeep_Switch

0020 22              168                     RET

                     169                     

                     170                     

                     171                     

                     172                     

                     173     ; beep for 0.1s, asynchronous

0021                 174     Beep_1Async:

0021 E512            175                     MOV             A,Beep_State

0023 700E            176                     JNZ             FINISH1

0025 E514            177                     MOV             A,Beep_Count

0027 700A            178                     JNZ             FINISH1                                         ;if there i
                             s a running beep, skip current beep

                     179                     

0029 751301          180                     MOV             Beep_Total,#1

002C 751200          181                     MOV             Beep_State,#0

002F 1100     F      182                     ACALL   Beep_On

                     183                     

0031 1100     F      184                     ACALL   StartTimer

                     185                     

0033                 186     FINISH1:

0033 22              187                     RET

A51 MACRO ASSEMBLER  BEEP                                                                 11/15/2017 18:41:38 PAGE     4

                     188                     

                     189                     

                     190                     

                     191     ; beep for 0.8s, asynchronous

0034                 192     Beep_2Async:

0034 E512            193                     MOV             A,Beep_State

0036 700E            194                     JNZ             FINISH2

0038 E514            195                     MOV             A,Beep_Count

003A 700A            196                     JNZ             FINISH2                                         ;if there i
                             s a running beep, skip current beep

                     197                     

003C 751308          198                     MOV             Beep_Total,#8

003F 751200          199                     MOV             Beep_State,#0

0042 1100     F      200                     ACALL   Beep_On

                     201                     

0044 1100     F      202                     ACALL   StartTimer

                     203                     

0046                 204     FINISH2:

0046 22              205                     RET

                     206                     

                     207                     

                     208                     

                     209                     

                     210                     

                     211                     

                     212     ; 2 beeps, each for 0.2s, with an interval of 0.1s, asynchronous

0047                 213     Beep_3Async:

0047 E512            214                     MOV             A,Beep_State

0049 700E            215                     JNZ             FINISH3 

004B E514            216                     MOV             A,Beep_Count

004D 700A            217                     JNZ             FINISH3                                         ;if there i
                             s a running beep, skip current beep

                     218                     

004F 751201          219                     MOV             Beep_State,#1

0052 751303          220                     MOV             Beep_Total,#3

0055 1100     F      221                     ACALL   Beep_On

                     222                     

0057 1100     F      223                     ACALL   StartTimer

                     224                     

0059                 225     FINISH3:

0059 22              226                     RET             

                     227     

                     228     

                     229     

                     230     

                     231     

                     232     

005A                 233     Beep_3Async1:

005A 1100     F      234                     ACALL   Beep_Off

                     235     

005C 751202          236                     MOV             Beep_State,#2

005F 751301          237                     MOV             Beep_Total,#1

                     238     

0062 22              239                     RET             

                     240     

                     241     

                     242     

                     243     

0063                 244     Beep_3Async2:

0063 1100     F      245                     ACALL   Beep_On

                     246                     

0065 751200          247                     MOV             Beep_State,#0

0068 751303          248                     MOV             Beep_Total,#3

                     249                     

                     250     

006B 22              251                     RET             

A51 MACRO ASSEMBLER  BEEP                                                                 11/15/2017 18:41:38 PAGE     5

                     252     

                     253     

                     254     

                     255     

                     256     

006C                 257     StartTimer:

006C C008            258                     PUSH    08H

006E 750801          259                     MOV             08H,#1

0071 120000   F      260                     LCALL   Timer_Start

0074 D008            261                     POP             08H

0076 22              262                     RET

                     263                     

0077                 264     StopTimer:

0077 C008            265                     PUSH    08H

0079 750801          266                     MOV             08H,#1

007C 120000   F      267                     LCALL   Timer_Stop

007F D008            268                     POP             08H

0081 22              269                     RET     

                     270     

                     271     

                     272     

                     273     

                     274     

                     275     ;0.1s

0082                 276     Timer_1:

                     277     

0082 0514            278                     INC             Beep_Count

0084 E513            279                     MOV             A,Beep_Total

0086 B5141F          280                     CJNE    A,Beep_Count,FINISH                     ;if Beep_Total != Beep_Coun
                             t, goto FINISH

                     281                     

0089 751400          282                     MOV             Beep_Count,#00H

                     283                     

008C                 284     CHKSTATE:

008C E512            285                     MOV             A,Beep_State

008E B40009          286                     CJNE    A,#0,STATE1

0091                 287     STATE0:

0091 1100     F      288                     ACALL   Beep_Off

0093 1100     F      289                     ACALL   StopTimer

0095 751200          290                     MOV             Beep_State,#00H

0098 800E            291                     SJMP    FINISH

009A                 292     STATE1:

009A B40104          293                     CJNE    A,#1,STATE2

009D 1100     F      294                     ACALL   Beep_3Async1

009F 8007            295                     SJMP    FINISH

00A1                 296     STATE2:

00A1 B40204          297                     CJNE    A,#2,FINISH

00A4 1100     F      298                     ACALL   Beep_3Async2

00A6 8000            299                     SJMP    FINISH

                     300     

                     301                     

00A8                 302     FINISH:

00A8 22              303                     RET

                     304                     

                     305                     END

A51 MACRO ASSEMBLER  BEEP                                                                 11/15/2017 18:41:38 PAGE     6

SYMBOL TABLE LISTING
------ ----- -------


N A M E             T Y P E  V A L U E   ATTRIBUTES

BEEP . . . . . . .  C SEG    00A9H       REL=UNIT
BEEP_1ASYNC. . . .  C ADDR   0021H   R   SEG=BEEP
BEEP_2ASYNC. . . .  C ADDR   0034H   R   SEG=BEEP
BEEP_3ASYNC. . . .  C ADDR   0047H   R   SEG=BEEP
BEEP_3ASYNC1 . . .  C ADDR   005AH   R   SEG=BEEP
BEEP_3ASYNC2 . . .  C ADDR   0063H   R   SEG=BEEP
BEEP_COUNT . . . .  N NUMB   0014H   A   
BEEP_INIT. . . . .  C ADDR   0000H   R   SEG=BEEP
BEEP_OFF . . . . .  C ADDR   0019H   R   SEG=BEEP
BEEP_ON. . . . . .  C ADDR   0015H   R   SEG=BEEP
BEEP_STATE . . . .  N NUMB   0012H   A   
BEEP_SWITCH. . . .  C ADDR   001DH   R   SEG=BEEP
BEEP_TOTAL . . . .  N NUMB   0013H   A   
CALCULATE_1. . . .  N NUMB   0075H   A   
CALCULATE_2. . . .  N NUMB   0074H   A   
CALCULATE_NUM. . .  N NUMB   0076H   A   
CAL_STATE1 . . . .  B ADDR   0028H.0 A   
CAL_STATE2 . . . .  B ADDR   0028H.1 A   
CAL_STATE3 . . . .  B ADDR   0028H.2 A   
CHKSTATE . . . . .  C ADDR   008CH   R   SEG=BEEP
DIGITS_LASTSTATE .  N NUMB   0026H   A   
DIGITS_LASTSTATE0.  B ADDR   0026H.0 A   
DIGITS_LASTSTATE7.  B ADDR   0026H.7 A   
DIGITS_STATE . . .  N NUMB   0024H   A   
DIGITS_STATE0. . .  B ADDR   0024H.7 A   
DIGITS_STATE7. . .  B ADDR   0024H.0 A   
FINISH . . . . . .  C ADDR   00A8H   R   SEG=BEEP
FINISH1. . . . . .  C ADDR   0033H   R   SEG=BEEP
FINISH2. . . . . .  C ADDR   0046H   R   SEG=BEEP
FINISH3. . . . . .  C ADDR   0059H   R   SEG=BEEP
FINISHINIT . . . .  C ADDR   0014H   R   SEG=BEEP
G_DIGIT1 . . . . .  N NUMB   0011H   A   
G_DIGIT2 . . . . .  N NUMB   0010H   A   
G_DIGITSTATE . . .  N NUMB   0025H   A   
G_DIGITSTATE0. . .  B ADDR   0025H.7 A   
G_DIGITSTATE7. . .  B ADDR   0025H.0 A   
G_LED1 . . . . . .  B ADDR   0020H.0 A   
G_LED2 . . . . . .  B ADDR   0020H.1 A   
G_LED3 . . . . . .  B ADDR   0020H.2 A   
G_LED4 . . . . . .  B ADDR   0020H.3 A   
G_LED5 . . . . . .  B ADDR   0020H.4 A   
G_LED6 . . . . . .  B ADDR   0020H.5 A   
G_LED7 . . . . . .  B ADDR   0020H.6 A   
G_LED8 . . . . . .  B ADDR   0020H.7 A   
G_LEDS . . . . . .  N NUMB   0020H   A   
HOMEWORK_COUNT . .  N NUMB   007BH   A   
HOMEWORK_SECOND. .  N NUMB   0077H   A   
HOMEWORK_SECOND1 .  N NUMB   007AH   A   
HOMEWORK_SECOND2 .  N NUMB   0079H   A   
HOMEWORK_SECOND3 .  N NUMB   0078H   A   
HOMEWORK_STATE . .  N NUMB   0027H   A   
HOMEWORK_STATE0. .  B ADDR   0027H.7 A   
HOMEWORK_STATE7. .  B ADDR   0027H.0 A   
INIT_BEEP. . . . .  B ADDR   0022H.3 A   
INIT_DIGITS. . . .  B ADDR   0023H.2 A   
INIT_KEBEEP. . . .  B ADDR   0022H.0 A   
INIT_KEDIGITS. . .  B ADDR   0023H.1 A   
INIT_KEKEYS. . . .  B ADDR   0022H.1 A   
INIT_KELED . . . .  B ADDR   0021H.1 A   
INIT_KELEDS. . . .  B ADDR   0022H.6 A   
A51 MACRO ASSEMBLER  BEEP                                                                 11/15/2017 18:41:38 PAGE     7

INIT_KETIMER2. . .  B ADDR   0022H.5 A   
INIT_KEYS. . . . .  B ADDR   0023H.0 A   
INIT_LED . . . . .  B ADDR   0022H.2 A   
INIT_LEDS. . . . .  B ADDR   0022H.7 A   
INIT_TIMER . . . .  B ADDR   0022H.4 A   
INT_C_OLD. . . . .  B ADDR   0021H.0 A   
KEBEEP_INIT. . . .  C ADDR   -----       EXT
KEBEEP_OFF . . . .  C ADDR   -----       EXT
KEBEEP_ON. . . . .  C ADDR   -----       EXT
KEBEEP_SWITCH. . .  C ADDR   -----       EXT
KEYS_LASTCODE. . .  N NUMB   0015H   A   
LEDS_PATTERN . . .  N NUMB   0016H   A   
PASSWORD_PSW1. . .  N NUMB   007DH   A   
PASSWORD_PSW2. . .  N NUMB   007CH   A   
PASSWORD_STATE . .  N NUMB   007EH   A   
STARTTIMER . . . .  C ADDR   006CH   R   SEG=BEEP
STATE0 . . . . . .  C ADDR   0091H   R   SEG=BEEP
STATE1 . . . . . .  C ADDR   009AH   R   SEG=BEEP
STATE2 . . . . . .  C ADDR   00A1H   R   SEG=BEEP
STOPTIMER. . . . .  C ADDR   0077H   R   SEG=BEEP
TEST3_MAINSTATE. .  N NUMB   007FH   A   
TIMER_1. . . . . .  C ADDR   0082H   R   SEG=BEEP
TIMER_CHECKCTRL. .  C ADDR   -----       EXT
TIMER_CNT1 . . . .  N NUMB   0018H   A   
TIMER_CNT8 . . . .  N NUMB   001FH   A   
TIMER_CTRL . . . .  N NUMB   0017H   A   
TIMER_INIT . . . .  C ADDR   -----       EXT
TIMER_START. . . .  C ADDR   -----       EXT
TIMER_STOP . . . .  C ADDR   -----       EXT


REGISTER BANK(S) USED: 0 


ASSEMBLY COMPLETE.  0 WARNING(S), 0 ERROR(S)
