A51 MACRO ASSEMBLER  KETIMER0                                                             11/08/2017 13:13:26 PAGE     1


MACRO ASSEMBLER A51 V8.2.5.0
OBJECT MODULE PLACED IN .\Objects\KeTimer0.obj
ASSEMBLER INVOKED BY: C:\Keil_v5\C51\BIN\A51.EXE asm\KeTimer0.asm NOMOD51 SET(SMALL) DEBUG PRINT(.\Listings\KeTimer0.lst
                      ) OBJECT(.\Objects\KeTimer0.obj) EP

LOC  OBJ            LINE     SOURCE

                       1     ; CALLBACK:

                       2     ;     KeTimer0_CB

                       3     

                       4     ;$include (C8051F310.INC)

                +1     5     ;---------------------------------------------------------------------------

                +1     6     ;  

                +1     7     ;  

                +1     8     ;

                +1     9     ;

                +1    10     ;  FILE NAME   : C8051F310.INC

                +1    11     ;  TARGET MCUs : C8051F310, 'F311

                +1    12     ;  DESCRIPTION : Register/bit definitions for the C8051F31x product family.

                +1    13     ;

                +1    14     ;  REVISION 1.3

                +1    15     ;     -- added ESPI0 and PSPI0

                +1    16     ;  REVISION 1.2

                +1    17     ;     -- added VDM0CN (0xff)   

                +1    18     ;

                +1    19     ;  REVISION 1.1

                +1    20     ;     -- changed TARGET MCUs to 'F310, 'F311

                +1    21     ;     -- SPICFG --> SPI0CFG

                +1    22     ;     -- SPICKR --> SPI0CKR

                +1    23     ;     -- SPIDAT --> SPI0DAT

                +1    24     ;     -- removed CLKMUL (0xb9)

                +1    25     ;     -- AMUX0N --> AMX0N

                +1    26     ;     -- AMUX0P --> AMX0P

                +1    27     ;

                +1    28     ;---------------------------------------------------------------------------

                +1    29     

                +1    30     ; BYTE Registers 

  0080          +1    31     P0       DATA  080H     ; PORT 0                                                   

  0081          +1    32     SP       DATA  081H     ; STACK POINTER                                            

  0082          +1    33     DPL      DATA  082H     ; DATA POINTER - LOW BYTE                                  

  0083          +1    34     DPH      DATA  083H     ; DATA POINTER - HIGH BYTE                                 

  0087          +1    35     PCON     DATA  087H     ; POWER CONTROL                                            

  0088          +1    36     TCON     DATA  088H     ; TIMER CONTROL                                            

  0089          +1    37     TMOD     DATA  089H     ; TIMER MODE                                               

  008A          +1    38     TL0      DATA  08AH     ; TIMER 0 - LOW BYTE                                       

  008B          +1    39     TL1      DATA  08BH     ; TIMER 1 - LOW BYTE                                       

  008C          +1    40     TH0      DATA  08CH     ; TIMER 0 - HIGH BYTE                                      

  008D          +1    41     TH1      DATA  08DH     ; TIMER 1 - HIGH BYTE                                      

  008E          +1    42     CKCON    DATA  08EH     ; CLOCK CONTROL                                            

  008F          +1    43     PSCTL    DATA  08FH     ; PROGRAM STORE R/W CONTROL                                

  0090          +1    44     P1       DATA  090H     ; PORT 1                                                   

  0091          +1    45     TMR3CN   DATA  091H     ; TIMER 3 CONTROL                                          

  0092          +1    46     TMR3RLL  DATA  092H     ; TIMER 3 RELOAD LOW                                       

  0093          +1    47     TMR3RLH  DATA  093H     ; TIMER 3 RELOAD HIGH                                      

  0094          +1    48     TMR3L    DATA  094H     ; TIMER 3 LOW BYTE                                         

  0095          +1    49     TMR3H    DATA  095H     ; TIMER 3 HIGH BYTE                                        

  0098          +1    50     SCON0    DATA  098H     ; SERIAL PORT 0 CONTROL                                    

  0099          +1    51     SBUF0    DATA  099H     ; SERIAL PORT 0 BUFFER                                     

  009A          +1    52     CPT1CN   DATA  09AH     ; COMPARATOR 1 CONTROL                                     

  009B          +1    53     CPT0CN   DATA  09BH     ; COMPARATOR 0 CONTROL                                     

  009C          +1    54     CPT1MD   DATA  09CH     ; COMPARATOR 1 MODE                                        

  009D          +1    55     CPT0MD   DATA  09DH     ; COMPARATOR 0 MODE                                        

  009E          +1    56     CPT1MX   DATA  09EH     ; COMPARATOR 1 MUX                                         

  009F          +1    57     CPT0MX   DATA  09FH     ; COMPARATOR 0 MUX                                         

A51 MACRO ASSEMBLER  KETIMER0                                                             11/08/2017 13:13:26 PAGE     2

  00A0          +1    58     P2       DATA  0A0H     ; PORT 2                                                   

  00A1          +1    59     SPI0CFG  DATA  0A1H     ; SPI0 CONFIGURATION                                        

  00A2          +1    60     SPI0CKR  DATA  0A2H     ; SPI0 CLOCK CONFIGURATION                                  

  00A3          +1    61     SPI0DAT  DATA  0A3H     ; SPI0 DATA                                         

  00A4          +1    62     P0MDOUT  DATA  0A4H     ; PORT 0 OUTPUT MODE                                       

  00A5          +1    63     P1MDOUT  DATA  0A5H     ; PORT 1 OUTPUT MODE                                       

  00A6          +1    64     P2MDOUT  DATA  0A6H     ; PORT 2 OUTPUT MODE                                       

  00A7          +1    65     P3MDOUT  DATA  0A7H     ; PORT 3 OUTPUT MODE                                       

  00A8          +1    66     IE       DATA  0A8H     ; INTERRUPT ENABLE                                         

  00A9          +1    67     CLKSEL   DATA  0A9H     ; CLOCK SOURCE SELECT                                      

  00AA          +1    68     EMI0CN   DATA  0AAH     ; EXTERNAL MEMORY INTERFACE CONTROL                        

  00B0          +1    69     P3       DATA  0B0H     ; PORT 3                                                   

  00B1          +1    70     OSCXCN   DATA  0B1H     ; EXTERNAL OSCILLATOR CONTROL                              

  00B2          +1    71     OSCICN   DATA  0B2H     ; INTERNAL OSCILLATOR CONTROL                              

  00B3          +1    72     OSCICL   DATA  0B3H     ; INTERNAL OSCILLATOR CALIBRATION                          

  00B5          +1    73     FLACL    DATA  0B5H     ; FLASH ACCESS LIMIT

  00B6          +1    74     FLSCL    DATA  0B6H     ; FLASH SCALE                                              

  00B7          +1    75     FLKEY    DATA  0B7H     ; FLASH LOCK & KEY                                         

  00B8          +1    76     IP       DATA  0B8H     ; INTERRUPT PRIORITY   

  00BA          +1    77     AMX0N    DATA  0BAH     ; ADC0 MUX NEGATIVE CHANNEL SELECTION                      

  00BB          +1    78     AMX0P    DATA  0BBH     ; ADC0 MUX POSITIVE CHANNEL SELECTION                      

  00BC          +1    79     ADC0CF   DATA  0BCH     ; ADC0 CONFIGURATION                                       

  00BD          +1    80     ADC0L    DATA  0BDH     ; ADC0 DATA LOW                                            

  00BE          +1    81     ADC0H    DATA  0BEH     ; ADC0 DATA HIGH                                           

  00C0          +1    82     SMB0CN   DATA  0C0H     ; SMBUS CONTROL                                            

  00C1          +1    83     SMB0CF   DATA  0C1H     ; SMBUS CONFIGURATION                                      

  00C2          +1    84     SMB0DAT  DATA  0C2H     ; SMBUS DATA                                             

  00C3          +1    85     ADC0GTL  DATA  0C3H     ; ADC0 GREATER-THAN LOW                                    

  00C4          +1    86     ADC0GTH  DATA  0C4H     ; ADC0 GREATER-THAN HIGH                                   

  00C5          +1    87     ADC0LTL  DATA  0C5H     ; ADC0 LESS-THAN LOW                                       

  00C6          +1    88     ADC0LTH  DATA  0C6H     ; ADC0 LESS-THAN HIGH                                      

  00C8          +1    89     TMR2CN   DATA  0C8H     ; TIMER 2 CONTROL                                                

  00CA          +1    90     TMR2RLL  DATA  0CAH     ; TIMER 2 RELOAD LOW                                       

  00CB          +1    91     TMR2RLH  DATA  0CBH     ; TIMER 2 RELOAD HIGH                                      

  00CC          +1    92     TMR2L    DATA  0CCH     ; TIMER 2 LOW BYTE                                         

  00CD          +1    93     TMR2H    DATA  0CDH     ; TIMER 2 HIGH BYTE                                        

  00D0          +1    94     PSW      DATA  0D0H     ; PROGRAM STATUS WORD                                      

  00D1          +1    95     REF0CN   DATA  0D1H     ; VOLTAGE REFERENCE 0 CONTROL                              

  00D4          +1    96     P0SKIP   DATA  0D4H     ; PORT 0 CROSSBAR SKIP                                     

  00D5          +1    97     P1SKIP   DATA  0D5H     ; PORT 1 CROSSBAR SKIP                                     

  00D6          +1    98     P2SKIP   DATA  0D6H     ; PORT 2 CROSSBAR SKIP     

  00D8          +1    99     PCA0CN   DATA  0D8H     ; PCA0 CONTROL                                             

  00D9          +1   100     PCA0MD   DATA  0D9H     ; PCA0 MODE                                                

  00DA          +1   101     PCA0CPM0 DATA  0DAH     ; PCA0 MODULE 0 MODE                                       

  00DB          +1   102     PCA0CPM1 DATA  0DBH     ; PCA0 MODULE 1 MODE                                       

  00DC          +1   103     PCA0CPM2 DATA  0DCH     ; PCA0 MODULE 2 MODE     

  00DD          +1   104     PCA0CPM3 DATA  0DDH     ; PCA0 MODULE 3 MODE                                       

  00DE          +1   105     PCA0CPM4 DATA  0DEH     ; PCA0 MODULE 4 MODE                                    

  00E0          +1   106     ACC      DATA  0E0H     ; ACCUMULATOR                                              

  00E1          +1   107     XBR0     DATA  0E1H     ; DIGITAL CROSSBAR CONFIGURATION REGISTER 0                

  00E2          +1   108     XBR1     DATA  0E2H     ; DIGITAL CROSSBAR CONFIGURATION REGISTER 1                

  00E4          +1   109     IT01CF   DATA  0E4H     ; INT0/INT1 CONFIGURATION                                  

  00E6          +1   110     EIE1     DATA  0E6H     ; EXTERNAL INTERRUPT ENABLE 1                     

  00E8          +1   111     ADC0CN   DATA  0E8H     ; ADC 0 CONTROL                                            

  00E9          +1   112     PCA0CPL1 DATA  0E9H     ; PCA0 MODULE 1 CAPTURE/COMPARE REGISTER LOW BYTE          

  00EA          +1   113     PCA0CPH1 DATA  0EAH     ; PCA0 MODULE 1 CAPTURE/COMPARE REGISTER HIGH BYTE         

  00EB          +1   114     PCA0CPL2 DATA  0EBH     ; PCA0 MODULE 2 CAPTURE/COMPARE REGISTER LOW BYTE          

  00EC          +1   115     PCA0CPH2 DATA  0ECH     ; PCA0 MODULE 2 CAPTURE/COMPARE REGISTER HIGH BYTE         

  00ED          +1   116     PCA0CPL3 DATA  0EDH     ; PCA0 MODULE 3 CAPTURE/COMPARE REGISTER LOW BYTE          

  00EE          +1   117     PCA0CPH3 DATA  0EEH     ; PCA0 MODULE 3 CAPTURE/COMPARE REGISTER HIGH BYTE         

  00EF          +1   118     RSTSRC   DATA  0EFH     ; RESET SOURCE                                             

  00F0          +1   119     B        DATA  0F0H     ; B REGISTER                                               

  00F1          +1   120     P0MDIN   DATA  0F1H     ; PORT 0 INPUT MODE REGISTER                               

  00F2          +1   121     P1MDIN   DATA  0F2H     ; PORT 1 INPUT MODE REGISTER                               

  00F3          +1   122     P2MDIN   DATA  0F3H     ; PORT 2 INPUT MODE REGISTER                               

  00F4          +1   123     P3MDIN   DATA  0F4H     ; PORT 3 INPUT MODE REGISTER                               

A51 MACRO ASSEMBLER  KETIMER0                                                             11/08/2017 13:13:26 PAGE     3

  00F6          +1   124     EIP1     DATA  0F6H     ; EXTERNAL INTERRUPT PRIORITY 1

  00F8          +1   125     SPI0CN   DATA  0F8H     ; SPI0 CONTROL                                             

  00F9          +1   126     PCA0L    DATA  0F9H     ; PCA0 COUNTER REGISTER LOW BYTE                           

  00FA          +1   127     PCA0H    DATA  0FAH     ; PCA0 COUNTER REGISTER HIGH BYTE                          

  00FB          +1   128     PCA0CPL0 DATA  0FBH     ; PCA MODULE 0 CAPTURE/COMPARE REGISTER LOW BYTE           

  00FC          +1   129     PCA0CPH0 DATA  0FCH     ; PCA MODULE 0 CAPTURE/COMPARE REGISTER HIGH BYTE          

  00FD          +1   130     PCA0CPL4 DATA  0FDH     ; PCA MODULE 4 CAPTURE/COMPARE REGISTER LOW BYTE           

  00FE          +1   131     PCA0CPH4 DATA  0FEH     ; PCA MODULE 4 CAPTURE/COMPARE REGISTER HIGH BYTE      

  00FF          +1   132     VDM0CN    DATA  0FFH ; VDD MONITOR CONTROL

                +1   133     

                +1   134     ;------------------------------------------------------------------------------

                +1   135     ;BIT DEFINITIONS

                +1   136     ;

                +1   137     ; TCON 88H

  0088          +1   138     IT0      BIT   TCON.0   ; EXT. INTERRUPT 0 TYPE

  0089          +1   139     IE0      BIT   TCON.1   ; EXT. INTERRUPT 0 EDGE FLAG

  008A          +1   140     IT1      BIT   TCON.2   ; EXT. INTERRUPT 1 TYPE

  008B          +1   141     IE1      BIT   TCON.3   ; EXT. INTERRUPT 1 EDGE FLAG

  008C          +1   142     TR0      BIT   TCON.4   ; TIMER 0 ON/OFF CONTROL

  008D          +1   143     TF0      BIT   TCON.5   ; TIMER 0 OVERFLOW FLAG

  008E          +1   144     TR1      BIT   TCON.6   ; TIMER 1 ON/OFF CONTROL

  008F          +1   145     TF1      BIT   TCON.7   ; TIMER 1 OVERFLOW FLAG

                +1   146     

                +1   147     ; SCON0  0x98 

  0098          +1   148     RI0      BIT   SCON0.0  ; RECEIVE INTERRUPT FLAG                                

  0099          +1   149     TI0      BIT   SCON0.1  ; TRANSMIT INTERRUPT FLAG                               

  009A          +1   150     RB80     BIT   SCON0.2  ; RECEIVE BIT 8                                         

  009B          +1   151     TB80     BIT   SCON0.3  ; TRANSMIT BIT 8                                        

  009C          +1   152     REN0     BIT   SCON0.4  ; RECEIVE ENABLE                                        

  009D          +1   153     MCE0     BIT   SCON0.5  ; MULTIPROCESSOR COMMUNICATION ENABLE                   

  009F          +1   154     S0MODE   BIT   SCON0.7  ; SERIAL MODE CONTROL BIT 0                             

                +1   155     

                +1   156     ; IE  0xA8 

  00A8          +1   157     EX0      BIT   IE.0     ; EXTERNAL INTERRUPT 0 ENABLE                           

  00A9          +1   158     ET0      BIT   IE.1     ; TIMER 0 INTERRUPT ENABLE                              

  00AA          +1   159     EX1      BIT   IE.2     ; EXTERNAL INTERRUPT 1 ENABLE                           

  00AB          +1   160     ET1      BIT   IE.3     ; TIMER 1 INTERRUPT ENABLE                              

  00AC          +1   161     ES0      BIT   IE.4     ; UART0 INTERRUPT ENABLE                                

  00AD          +1   162     ET2      BIT   IE.5     ; TIMER 2 INTERRUPT ENABLE                              

  00AE          +1   163     ESPI0    BIT   IE.6     ; SPI0 INTERRUPT ENABLE

  00AF          +1   164     EA       BIT   IE.7     ; GLOBAL INTERRUPT ENABLE                               

                +1   165     

                +1   166     ; IP  0xB8 

  00B8          +1   167     PX0      BIT   IP.0     ; EXTERNAL INTERRUPT 0 PRIORITY                         

  00B9          +1   168     PT0      BIT   IP.1     ; TIMER 0 PRIORITY                                      

  00BA          +1   169     PX1      BIT   IP.2     ; EXTERNAL INTERRUPT 1 PRIORITY                         

  00BB          +1   170     PT1      BIT   IP.3     ; TIMER 1 PRIORITY                                      

  00BC          +1   171     PS0      BIT   IP.4     ; UART0 PRIORITY                                        

  00BD          +1   172     PT2      BIT   IP.5     ; TIMER 2 PRIORITY                                      

  00BE          +1   173     PSPI0    BIT   IP.6     ; SPI0 INTERRUPT PRIORITY

                +1   174     

                +1   175     ; SMB0CN 0xC0 

  00C0          +1   176     SI       BIT   SMB0CN.0 ; SMBUS0 INTERRUPT FLAG                                 

  00C1          +1   177     ACK      BIT   SMB0CN.1 ; ACKNOWLEDGE FLAG                                      

  00C2          +1   178     ARBLOST  BIT   SMB0CN.2 ; ARBITRATION LOST INDICATOR                            

  00C3          +1   179     ACKRQ    BIT   SMB0CN.3 ; ACKNOWLEDGE REQUEST                                   

  00C4          +1   180     STO      BIT   SMB0CN.4 ; STOP FLAG                                             

  00C5          +1   181     STA      BIT   SMB0CN.5 ; START FLAG                                            

  00C6          +1   182     TXMODE   BIT   SMB0CN.6 ; TRANSMIT MODE INDICATOR                               

  00C7          +1   183     MASTER   BIT   SMB0CN.7 ; MASTER/SLAVE INDICATOR                                

                +1   184     

                +1   185     ; TMR2CN 0xC8 

  00C8          +1   186     T2XCLK   BIT   TMR2CN.0 ; TIMER 2 EXTERNAL CLOCK SELECT                         

  00CA          +1   187     TR2      BIT   TMR2CN.2 ; TIMER 2 ON/OFF CONTROL                                

  00CB          +1   188     T2SPLIT  BIT   TMR2CN.3 ; TIMER 2 SPLIT MODE ENABLE                             

  00CD          +1   189     TF2LEN   BIT   TMR2CN.5 ; TIMER 2 LOW BYTE INTERRUPT ENABLE                     

A51 MACRO ASSEMBLER  KETIMER0                                                             11/08/2017 13:13:26 PAGE     4

  00CE          +1   190     TF2L     BIT   TMR2CN.6 ; TIMER 2 LOW BYTE OVERFLOW FLAG                        

  00CF          +1   191     TF2H     BIT   TMR2CN.7 ; TIMER 2 HIGH BYTE OVERFLOW FLAG                       

                +1   192     

                +1   193     ; PSW 0xD0 

  00D0          +1   194     P        BIT   PSW.0    ; ACCUMULATOR PARITY FLAG                               

  00D1          +1   195     F1       BIT   PSW.1    ; USER FLAG 1                                           

  00D2          +1   196     OV       BIT   PSW.2    ; OVERFLOW FLAG                                         

  00D3          +1   197     RS0      BIT   PSW.3    ; REGISTER BANK SELECT 0                                

  00D4          +1   198     RS1      BIT   PSW.4    ; REGISTER BANK SELECT 1                                

  00D5          +1   199     F0       BIT   PSW.5    ; USER FLAG 0                                           

  00D6          +1   200     AC       BIT   PSW.6    ; AUXILIARY CARRY FLAG                                  

  00D7          +1   201     CY       BIT   PSW.7    ; CARRY FLAG                                            

                +1   202     

                +1   203     ; PCA0CN 0xD8H 

  00D8          +1   204     CCF0     BIT   PCA0CN.0 ; PCA0 MODULE 0 CAPTURE/COMPARE FLAG                    

  00D9          +1   205     CCF1     BIT   PCA0CN.1 ; PCA0 MODULE 1 CAPTURE/COMPARE FLAG                    

  00DA          +1   206     CCF2     BIT   PCA0CN.2 ; PCA0 MODULE 2 CAPTURE/COMPARE FLAG                    

  00DB          +1   207     CCF3     BIT   PCA0CN.3 ; PCA0 MODULE 3 CAPTURE/COMPARE FLAG                    

  00DC          +1   208     CCF4     BIT   PCA0CN.4 ; PCA0 MODULE 4 CAPTURE/COMPARE FLAG                    

  00DE          +1   209     CR       BIT   PCA0CN.6 ; PCA0 COUNTER RUN CONTROL                              

  00DF          +1   210     CF       BIT   PCA0CN.7 ; PCA0 COUNTER OVERFLOW FLAG                            

                +1   211     

                +1   212     ; ADC0CN 0xE8H 

  00E8          +1   213     AD0CM0   BIT   ADC0CN.0 ; ADC0 CONVERSION MODE SELECT 0                         

  00E9          +1   214     AD0CM1   BIT   ADC0CN.1 ; ADC0 CONVERSION MODE SELECT 1                         

  00EA          +1   215     AD0CM2   BIT   ADC0CN.2 ; ADC0 CONVERSION MODE SELECT 2                         

  00EB          +1   216     AD0WINT  BIT   ADC0CN.3 ; ADC0 WINDOW COMPARE INTERRUPT FLAG                    

  00EC          +1   217     AD0BUSY  BIT   ADC0CN.4 ; ADC0 BUSY FLAG                                        

  00ED          +1   218     AD0INT   BIT   ADC0CN.5 ; ADC0 CONVERISION COMPLETE INTERRUPT FLAG              

  00EE          +1   219     AD0TM    BIT   ADC0CN.6 ; ADC0 TRACK MODE                                       

  00EF          +1   220     AD0EN    BIT   ADC0CN.7 ; ADC0 ENABLE                                           

                +1   221     

                +1   222     ; SPI0CN 0xF8H 

  00FF          +1   223     SPIF     BIT   SPI0CN.7 ; SPI 0 INTERRUPT FLAG                                  

  00FE          +1   224     WCOL     BIT   SPI0CN.6 ; SPI 0 WRITE COLLISION FLAG                            

  00FD          +1   225     MODF     BIT   SPI0CN.5 ; SPI 0 MODE FAULT FLAG                                 

  00FC          +1   226     RXOVRN   BIT   SPI0CN.4 ; SPI 0 RX OVERRUN FLAG                                 

  00FB          +1   227     NSSMD1   BIT   SPI0CN.3 ; SPI 0 SLAVE SELECT MODE 1                             

  00FA          +1   228     NSSMD0   BIT   SPI0CN.2 ; SPI 0 SLAVE SELECT MODE 0                             

  00F9          +1   229     TXBMT    BIT   SPI0CN.1 ; SPI 0 TRANSMIT BUFFER EMPTY                           

  00F8          +1   230     SPIEN    BIT   SPI0CN.0 ; SPI 0 SPI ENABLE                                      

                     231     

                     232             

                     233             

                     234     PUBLIC  KeTimer0_Init

                     235     PUBLIC  KeTimer0_Start

                     236     PUBLIC  KeTimer0_Stop

                     237     PUBLIC  INT_TIM0

                     238     

                     239     

                     240     EXTRN   CODE    (KeTimer0_CB)

                     241     

                     242     ; T(machine)        1 / (11,059,200 / 12) = 1.085 us

                     243     ; T(interrupt)      2^13 * T(machine) = 8.88888 ms

                     244     

                     245     

                     246     

                     247     

                     248     KETIMER0        SEGMENT CODE

----                 249                     RSEG    KETIMER0

                     250     

                     251     

                     252     ;arguments:

                     253     ;   08H  pCallBackL

                     254     ;       09H  pCallBackH

                     255     ;You need to SETB EA by yourself

A51 MACRO ASSEMBLER  KETIMER0                                                             11/08/2017 13:13:26 PAGE     5

0000                 256     KeTimer0_Init:

0000 C28C            257                     CLR             TR0

0002 758900          258                     MOV             TMOD,#0000B

0005 D2A9            259                     SETB    ET0

0007 22              260                     RET

                     261                     

0008                 262     KeTimer0_Start:

0008 D28C            263                     SETB    TR0

000A 22              264                     RET

                     265     

000B                 266     KeTimer0_Stop:

000B C28C            267                     CLR             TR0

000D 22              268                     RET

                     269             

                     270             

000E                 271     INT_TIM0:

000E 120000   F      272                     LCALL   KeTimer0_CB

0011 32              273                     RETI

                     274             

                     275             

                     276                     END

A51 MACRO ASSEMBLER  KETIMER0                                                             11/08/2017 13:13:26 PAGE     6

SYMBOL TABLE LISTING
------ ----- -------


N A M E             T Y P E  V A L U E   ATTRIBUTES

AC . . . . . . . .  B ADDR   00D0H.6 A   
ACC. . . . . . . .  D ADDR   00E0H   A   
ACK. . . . . . . .  B ADDR   00C0H.1 A   
ACKRQ. . . . . . .  B ADDR   00C0H.3 A   
AD0BUSY. . . . . .  B ADDR   00E8H.4 A   
AD0CM0 . . . . . .  B ADDR   00E8H.0 A   
AD0CM1 . . . . . .  B ADDR   00E8H.1 A   
AD0CM2 . . . . . .  B ADDR   00E8H.2 A   
AD0EN. . . . . . .  B ADDR   00E8H.7 A   
AD0INT . . . . . .  B ADDR   00E8H.5 A   
AD0TM. . . . . . .  B ADDR   00E8H.6 A   
AD0WINT. . . . . .  B ADDR   00E8H.3 A   
ADC0CF . . . . . .  D ADDR   00BCH   A   
ADC0CN . . . . . .  D ADDR   00E8H   A   
ADC0GTH. . . . . .  D ADDR   00C4H   A   
ADC0GTL. . . . . .  D ADDR   00C3H   A   
ADC0H. . . . . . .  D ADDR   00BEH   A   
ADC0L. . . . . . .  D ADDR   00BDH   A   
ADC0LTH. . . . . .  D ADDR   00C6H   A   
ADC0LTL. . . . . .  D ADDR   00C5H   A   
AMX0N. . . . . . .  D ADDR   00BAH   A   
AMX0P. . . . . . .  D ADDR   00BBH   A   
ARBLOST. . . . . .  B ADDR   00C0H.2 A   
B. . . . . . . . .  D ADDR   00F0H   A   
CCF0 . . . . . . .  B ADDR   00D8H.0 A   
CCF1 . . . . . . .  B ADDR   00D8H.1 A   
CCF2 . . . . . . .  B ADDR   00D8H.2 A   
CCF3 . . . . . . .  B ADDR   00D8H.3 A   
CCF4 . . . . . . .  B ADDR   00D8H.4 A   
CF . . . . . . . .  B ADDR   00D8H.7 A   
CKCON. . . . . . .  D ADDR   008EH   A   
CLKSEL . . . . . .  D ADDR   00A9H   A   
CPT0CN . . . . . .  D ADDR   009BH   A   
CPT0MD . . . . . .  D ADDR   009DH   A   
CPT0MX . . . . . .  D ADDR   009FH   A   
CPT1CN . . . . . .  D ADDR   009AH   A   
CPT1MD . . . . . .  D ADDR   009CH   A   
CPT1MX . . . . . .  D ADDR   009EH   A   
CR . . . . . . . .  B ADDR   00D8H.6 A   
CY . . . . . . . .  B ADDR   00D0H.7 A   
DPH. . . . . . . .  D ADDR   0083H   A   
DPL. . . . . . . .  D ADDR   0082H   A   
EA . . . . . . . .  B ADDR   00A8H.7 A   
EIE1 . . . . . . .  D ADDR   00E6H   A   
EIP1 . . . . . . .  D ADDR   00F6H   A   
EMI0CN . . . . . .  D ADDR   00AAH   A   
ES0. . . . . . . .  B ADDR   00A8H.4 A   
ESPI0. . . . . . .  B ADDR   00A8H.6 A   
ET0. . . . . . . .  B ADDR   00A8H.1 A   
ET1. . . . . . . .  B ADDR   00A8H.3 A   
ET2. . . . . . . .  B ADDR   00A8H.5 A   
EX0. . . . . . . .  B ADDR   00A8H.0 A   
EX1. . . . . . . .  B ADDR   00A8H.2 A   
F0 . . . . . . . .  B ADDR   00D0H.5 A   
F1 . . . . . . . .  B ADDR   00D0H.1 A   
FLACL. . . . . . .  D ADDR   00B5H   A   
FLKEY. . . . . . .  D ADDR   00B7H   A   
FLSCL. . . . . . .  D ADDR   00B6H   A   
IE . . . . . . . .  D ADDR   00A8H   A   
IE0. . . . . . . .  B ADDR   0088H.1 A   
A51 MACRO ASSEMBLER  KETIMER0                                                             11/08/2017 13:13:26 PAGE     7

IE1. . . . . . . .  B ADDR   0088H.3 A   
INT_TIM0 . . . . .  C ADDR   000EH   R   SEG=KETIMER0
IP . . . . . . . .  D ADDR   00B8H   A   
IT0. . . . . . . .  B ADDR   0088H.0 A   
IT01CF . . . . . .  D ADDR   00E4H   A   
IT1. . . . . . . .  B ADDR   0088H.2 A   
KETIMER0 . . . . .  C SEG    0012H       REL=UNIT
KETIMER0_CB. . . .  C ADDR   -----       EXT
KETIMER0_INIT. . .  C ADDR   0000H   R   SEG=KETIMER0
KETIMER0_START . .  C ADDR   0008H   R   SEG=KETIMER0
KETIMER0_STOP. . .  C ADDR   000BH   R   SEG=KETIMER0
MASTER . . . . . .  B ADDR   00C0H.7 A   
MCE0 . . . . . . .  B ADDR   0098H.5 A   
MODF . . . . . . .  B ADDR   00F8H.5 A   
NSSMD0 . . . . . .  B ADDR   00F8H.2 A   
NSSMD1 . . . . . .  B ADDR   00F8H.3 A   
OSCICL . . . . . .  D ADDR   00B3H   A   
OSCICN . . . . . .  D ADDR   00B2H   A   
OSCXCN . . . . . .  D ADDR   00B1H   A   
OV . . . . . . . .  B ADDR   00D0H.2 A   
P. . . . . . . . .  B ADDR   00D0H.0 A   
P0 . . . . . . . .  D ADDR   0080H   A   
P0MDIN . . . . . .  D ADDR   00F1H   A   
P0MDOUT. . . . . .  D ADDR   00A4H   A   
P0SKIP . . . . . .  D ADDR   00D4H   A   
P1 . . . . . . . .  D ADDR   0090H   A   
P1MDIN . . . . . .  D ADDR   00F2H   A   
P1MDOUT. . . . . .  D ADDR   00A5H   A   
P1SKIP . . . . . .  D ADDR   00D5H   A   
P2 . . . . . . . .  D ADDR   00A0H   A   
P2MDIN . . . . . .  D ADDR   00F3H   A   
P2MDOUT. . . . . .  D ADDR   00A6H   A   
P2SKIP . . . . . .  D ADDR   00D6H   A   
P3 . . . . . . . .  D ADDR   00B0H   A   
P3MDIN . . . . . .  D ADDR   00F4H   A   
P3MDOUT. . . . . .  D ADDR   00A7H   A   
PCA0CN . . . . . .  D ADDR   00D8H   A   
PCA0CPH0 . . . . .  D ADDR   00FCH   A   
PCA0CPH1 . . . . .  D ADDR   00EAH   A   
PCA0CPH2 . . . . .  D ADDR   00ECH   A   
PCA0CPH3 . . . . .  D ADDR   00EEH   A   
PCA0CPH4 . . . . .  D ADDR   00FEH   A   
PCA0CPL0 . . . . .  D ADDR   00FBH   A   
PCA0CPL1 . . . . .  D ADDR   00E9H   A   
PCA0CPL2 . . . . .  D ADDR   00EBH   A   
PCA0CPL3 . . . . .  D ADDR   00EDH   A   
PCA0CPL4 . . . . .  D ADDR   00FDH   A   
PCA0CPM0 . . . . .  D ADDR   00DAH   A   
PCA0CPM1 . . . . .  D ADDR   00DBH   A   
PCA0CPM2 . . . . .  D ADDR   00DCH   A   
PCA0CPM3 . . . . .  D ADDR   00DDH   A   
PCA0CPM4 . . . . .  D ADDR   00DEH   A   
PCA0H. . . . . . .  D ADDR   00FAH   A   
PCA0L. . . . . . .  D ADDR   00F9H   A   
PCA0MD . . . . . .  D ADDR   00D9H   A   
PCON . . . . . . .  D ADDR   0087H   A   
PS0. . . . . . . .  B ADDR   00B8H.4 A   
PSCTL. . . . . . .  D ADDR   008FH   A   
PSPI0. . . . . . .  B ADDR   00B8H.6 A   
PSW. . . . . . . .  D ADDR   00D0H   A   
PT0. . . . . . . .  B ADDR   00B8H.1 A   
PT1. . . . . . . .  B ADDR   00B8H.3 A   
PT2. . . . . . . .  B ADDR   00B8H.5 A   
PX0. . . . . . . .  B ADDR   00B8H.0 A   
PX1. . . . . . . .  B ADDR   00B8H.2 A   
RB80 . . . . . . .  B ADDR   0098H.2 A   
A51 MACRO ASSEMBLER  KETIMER0                                                             11/08/2017 13:13:26 PAGE     8

REF0CN . . . . . .  D ADDR   00D1H   A   
REN0 . . . . . . .  B ADDR   0098H.4 A   
RI0. . . . . . . .  B ADDR   0098H.0 A   
RS0. . . . . . . .  B ADDR   00D0H.3 A   
RS1. . . . . . . .  B ADDR   00D0H.4 A   
RSTSRC . . . . . .  D ADDR   00EFH   A   
RXOVRN . . . . . .  B ADDR   00F8H.4 A   
S0MODE . . . . . .  B ADDR   0098H.7 A   
SBUF0. . . . . . .  D ADDR   0099H   A   
SCON0. . . . . . .  D ADDR   0098H   A   
SI . . . . . . . .  B ADDR   00C0H.0 A   
SMB0CF . . . . . .  D ADDR   00C1H   A   
SMB0CN . . . . . .  D ADDR   00C0H   A   
SMB0DAT. . . . . .  D ADDR   00C2H   A   
SP . . . . . . . .  D ADDR   0081H   A   
SPI0CFG. . . . . .  D ADDR   00A1H   A   
SPI0CKR. . . . . .  D ADDR   00A2H   A   
SPI0CN . . . . . .  D ADDR   00F8H   A   
SPI0DAT. . . . . .  D ADDR   00A3H   A   
SPIEN. . . . . . .  B ADDR   00F8H.0 A   
SPIF . . . . . . .  B ADDR   00F8H.7 A   
STA. . . . . . . .  B ADDR   00C0H.5 A   
STO. . . . . . . .  B ADDR   00C0H.4 A   
T2SPLIT. . . . . .  B ADDR   00C8H.3 A   
T2XCLK . . . . . .  B ADDR   00C8H.0 A   
TB80 . . . . . . .  B ADDR   0098H.3 A   
TCON . . . . . . .  D ADDR   0088H   A   
TF0. . . . . . . .  B ADDR   0088H.5 A   
TF1. . . . . . . .  B ADDR   0088H.7 A   
TF2H . . . . . . .  B ADDR   00C8H.7 A   
TF2L . . . . . . .  B ADDR   00C8H.6 A   
TF2LEN . . . . . .  B ADDR   00C8H.5 A   
TH0. . . . . . . .  D ADDR   008CH   A   
TH1. . . . . . . .  D ADDR   008DH   A   
TI0. . . . . . . .  B ADDR   0098H.1 A   
TL0. . . . . . . .  D ADDR   008AH   A   
TL1. . . . . . . .  D ADDR   008BH   A   
TMOD . . . . . . .  D ADDR   0089H   A   
TMR2CN . . . . . .  D ADDR   00C8H   A   
TMR2H. . . . . . .  D ADDR   00CDH   A   
TMR2L. . . . . . .  D ADDR   00CCH   A   
TMR2RLH. . . . . .  D ADDR   00CBH   A   
TMR2RLL. . . . . .  D ADDR   00CAH   A   
TMR3CN . . . . . .  D ADDR   0091H   A   
TMR3H. . . . . . .  D ADDR   0095H   A   
TMR3L. . . . . . .  D ADDR   0094H   A   
TMR3RLH. . . . . .  D ADDR   0093H   A   
TMR3RLL. . . . . .  D ADDR   0092H   A   
TR0. . . . . . . .  B ADDR   0088H.4 A   
TR1. . . . . . . .  B ADDR   0088H.6 A   
TR2. . . . . . . .  B ADDR   00C8H.2 A   
TXBMT. . . . . . .  B ADDR   00F8H.1 A   
TXMODE . . . . . .  B ADDR   00C0H.6 A   
VDM0CN . . . . . .  D ADDR   00FFH   A   
WCOL . . . . . . .  B ADDR   00F8H.6 A   
XBR0 . . . . . . .  D ADDR   00E1H   A   
XBR1 . . . . . . .  D ADDR   00E2H   A   


REGISTER BANK(S) USED: 0 


ASSEMBLY COMPLETE.  0 WARNING(S), 0 ERROR(S)
